2026-05-05 23:12:19 [ERROR]: uncaughtException: listen EADDRINUSE: address already in use :::5001
Error: listen EADDRINUSE: address already in use :::5001
    at Server.setupListenHandle [as _listen2] (node:net:2008:16)
    at listenInCluster (node:net:2065:12)
    at Server.listen (node:net:2170:7)
    at app.listen (/Users/vedansh/cyberbank/server/node_modules/express/lib/application.js:635:24)
    at Object.<anonymous> (/Users/vedansh/cyberbank/server/server.js:89:20)
    at Module._compile (node:internal/modules/cjs/loader:1829:14)
    at Module._extensions..js (node:internal/modules/cjs/loader:1969:10)
    at Module.load (node:internal/modules/cjs/loader:1552:32)
    at Module._load (node:internal/modules/cjs/loader:1354:12)
    at wrapModuleLoad (node:internal/modules/cjs/loader:255:19) | {"error":{"code":"EADDRINUSE","errno":-48,"syscall":"listen","address":"::","port":5001},"exception":true,"date":"Tue May 05 2026 23:12:19 GMT+0530 (India Standard Time)","process":{"pid":7181,"uid":501,"gid":20,"cwd":"/Users/vedansh/cyberbank/server","execPath":"/opt/homebrew/Cellar/node/25.9.0_3/bin/node","version":"v25.9.0","argv":["/opt/homebrew/Cellar/node/25.9.0_3/bin/node","/Users/vedansh/cyberbank/server/server.js"],"memoryUsage":{"rss":97648640,"heapTotal":40304640,"heapUsed":27874968,"external":20865448,"arrayBuffers":18268969}},"os":{"loadavg":[3.001953125,2.1474609375,1.9375],"uptime":16358},"trace":[{"column":16,"file":"node:net","function":"Server.setupListenHandle [as _listen2]","line":2008,"method":"setupListenHandle [as _listen2]","native":false},{"column":12,"file":"node:net","function":"listenInCluster","line":2065,"method":null,"native":false},{"column":7,"file":"node:net","function":"Server.listen","line":2170,"method":"listen","native":false},{"column":24,"file":"/Users/vedansh/cyberbank/server/node_modules/express/lib/application.js","function":"app.listen","line":635,"method":"listen","native":false},{"column":20,"file":"/Users/vedansh/cyberbank/server/server.js","function":null,"line":89,"method":null,"native":false},{"column":14,"file":"node:internal/modules/cjs/loader","function":"Module._compile","line":1829,"method":"_compile","native":false},{"column":10,"file":"node:internal/modules/cjs/loader","function":"Module._extensions..js","line":1969,"method":".js","native":false},{"column":32,"file":"node:internal/modules/cjs/loader","function":"Module.load","line":1552,"method":"load","native":false},{"column":12,"file":"node:internal/modules/cjs/loader","function":"Module._load","line":1354,"method":"_load","native":false},{"column":19,"file":"node:internal/modules/cjs/loader","function":"wrapModuleLoad","line":255,"method":null,"native":false}]}
Error: listen EADDRINUSE: address already in use :::5001
    at Server.setupListenHandle [as _listen2] (node:net:2008:16)
    at listenInCluster (node:net:2065:12)
    at Server.listen (node:net:2170:7)
    at app.listen (/Users/vedansh/cyberbank/server/node_modules/express/lib/application.js:635:24)
    at Object.<anonymous> (/Users/vedansh/cyberbank/server/server.js:89:20)
    at Module._compile (node:internal/modules/cjs/loader:1829:14)
    at Module._extensions..js (node:internal/modules/cjs/loader:1969:10)
    at Module.load (node:internal/modules/cjs/loader:1552:32)
    at Module._load (node:internal/modules/cjs/loader:1354:12)
    at wrapModuleLoad (node:internal/modules/cjs/loader:255:19)
2026-05-06 22:38:09 [ERROR]: uncaughtException: listen EADDRINUSE: address already in use :::5001
Error: listen EADDRINUSE: address already in use :::5001
    at Server.setupListenHandle [as _listen2] (node:net:2008:16)
    at listenInCluster (node:net:2065:12)
    at Server.listen (node:net:2170:7)
    at app.listen (/Users/vedansh/cyberbank/server/node_modules/express/lib/application.js:635:24)
    at Object.<anonymous> (/Users/vedansh/cyberbank/server/server.js:89:20)
    at Module._compile (node:internal/modules/cjs/loader:1829:14)
    at Module._extensions..js (node:internal/modules/cjs/loader:1969:10)
    at Module.load (node:internal/modules/cjs/loader:1552:32)
    at Module._load (node:internal/modules/cjs/loader:1354:12)
    at wrapModuleLoad (node:internal/modules/cjs/loader:255:19) | {"error":{"code":"EADDRINUSE","errno":-48,"syscall":"listen","address":"::","port":5001},"exception":true,"date":"Wed May 06 2026 22:38:09 GMT+0530 (India Standard Time)","process":{"pid":9094,"uid":501,"gid":20,"cwd":"/Users/vedansh/cyberbank/server","execPath":"/opt/homebrew/Cellar/node/25.9.0_3/bin/node","version":"v25.9.0","argv":["/opt/homebrew/Cellar/node/25.9.0_3/bin/node","/Users/vedansh/cyberbank/server/server.js"],"memoryUsage":{"rss":97189888,"heapTotal":40042496,"heapUsed":25896848,"external":20891631,"arrayBuffers":18269145}},"os":{"loadavg":[2.11376953125,2.27587890625,2.4453125],"uptime":100708},"trace":[{"column":16,"file":"node:net","function":"Server.setupListenHandle [as _listen2]","line":2008,"method":"setupListenHandle [as _listen2]","native":false},{"column":12,"file":"node:net","function":"listenInCluster","line":2065,"method":null,"native":false},{"column":7,"file":"node:net","function":"Server.listen","line":2170,"method":"listen","native":false},{"column":24,"file":"/Users/vedansh/cyberbank/server/node_modules/express/lib/application.js","function":"app.listen","line":635,"method":"listen","native":false},{"column":20,"file":"/Users/vedansh/cyberbank/server/server.js","function":null,"line":89,"method":null,"native":false},{"column":14,"file":"node:internal/modules/cjs/loader","function":"Module._compile","line":1829,"method":"_compile","native":false},{"column":10,"file":"node:internal/modules/cjs/loader","function":"Module._extensions..js","line":1969,"method":".js","native":false},{"column":32,"file":"node:internal/modules/cjs/loader","function":"Module.load","line":1552,"method":"load","native":false},{"column":12,"file":"node:internal/modules/cjs/loader","function":"Module._load","line":1354,"method":"_load","native":false},{"column":19,"file":"node:internal/modules/cjs/loader","function":"wrapModuleLoad","line":255,"method":null,"native":false}]}
Error: listen EADDRINUSE: address already in use :::5001
    at Server.setupListenHandle [as _listen2] (node:net:2008:16)
    at listenInCluster (node:net:2065:12)
    at Server.listen (node:net:2170:7)
    at app.listen (/Users/vedansh/cyberbank/server/node_modules/express/lib/application.js:635:24)
    at Object.<anonymous> (/Users/vedansh/cyberbank/server/server.js:89:20)
    at Module._compile (node:internal/modules/cjs/loader:1829:14)
    at Module._extensions..js (node:internal/modules/cjs/loader:1969:10)
    at Module.load (node:internal/modules/cjs/loader:1552:32)
    at Module._load (node:internal/modules/cjs/loader:1354:12)
    at wrapModuleLoad (node:internal/modules/cjs/loader:255:19)
2026-05-06 22:44:26 [ERROR]: uncaughtException: listen EADDRINUSE: address already in use :::5001
Error: listen EADDRINUSE: address already in use :::5001
    at Server.setupListenHandle [as _listen2] (node:net:2008:16)
    at listenInCluster (node:net:2065:12)
    at Server.listen (node:net:2170:7)
    at app.listen (/Users/vedansh/cyberbank/server/node_modules/express/lib/application.js:635:24)
    at Object.<anonymous> (/Users/vedansh/cyberbank/server/server.js:89:20)
    at Module._compile (node:internal/modules/cjs/loader:1829:14)
    at Module._extensions..js (node:internal/modules/cjs/loader:1969:10)
    at Module.load (node:internal/modules/cjs/loader:1552:32)
    at Module._load (node:internal/modules/cjs/loader:1354:12)
    at wrapModuleLoad (node:internal/modules/cjs/loader:255:19) | {"error":{"code":"EADDRINUSE","errno":-48,"syscall":"listen","address":"::","port":5001},"exception":true,"date":"Wed May 06 2026 22:44:26 GMT+0530 (India Standard Time)","process":{"pid":10120,"uid":501,"gid":20,"cwd":"/Users/vedansh/cyberbank/server","execPath":"/opt/homebrew/Cellar/node/25.9.0_3/bin/node","version":"v25.9.0","argv":["/opt/homebrew/Cellar/node/25.9.0_3/bin/node","/Users/vedansh/cyberbank/server/server.js"],"memoryUsage":{"rss":97173504,"heapTotal":41091072,"heapUsed":31056768,"external":20908025,"arrayBuffers":18285539}},"os":{"loadavg":[1.60498046875,1.9072265625,2.1982421875],"uptime":101085},"trace":[{"column":16,"file":"node:net","function":"Server.setupListenHandle [as _listen2]","line":2008,"method":"setupListenHandle [as _listen2]","native":false},{"column":12,"file":"node:net","function":"listenInCluster","line":2065,"method":null,"native":false},{"column":7,"file":"node:net","function":"Server.listen","line":2170,"method":"listen","native":false},{"column":24,"file":"/Users/vedansh/cyberbank/server/node_modules/express/lib/application.js","function":"app.listen","line":635,"method":"listen","native":false},{"column":20,"file":"/Users/vedansh/cyberbank/server/server.js","function":null,"line":89,"method":null,"native":false},{"column":14,"file":"node:internal/modules/cjs/loader","function":"Module._compile","line":1829,"method":"_compile","native":false},{"column":10,"file":"node:internal/modules/cjs/loader","function":"Module._extensions..js","line":1969,"method":".js","native":false},{"column":32,"file":"node:internal/modules/cjs/loader","function":"Module.load","line":1552,"method":"load","native":false},{"column":12,"file":"node:internal/modules/cjs/loader","function":"Module._load","line":1354,"method":"_load","native":false},{"column":19,"file":"node:internal/modules/cjs/loader","function":"wrapModuleLoad","line":255,"method":null,"native":false}]}
Error: listen EADDRINUSE: address already in use :::5001
    at Server.setupListenHandle [as _listen2] (node:net:2008:16)
    at listenInCluster (node:net:2065:12)
    at Server.listen (node:net:2170:7)
    at app.listen (/Users/vedansh/cyberbank/server/node_modules/express/lib/application.js:635:24)
    at Object.<anonymous> (/Users/vedansh/cyberbank/server/server.js:89:20)
    at Module._compile (node:internal/modules/cjs/loader:1829:14)
    at Module._extensions..js (node:internal/modules/cjs/loader:1969:10)
    at Module.load (node:internal/modules/cjs/loader:1552:32)
    at Module._load (node:internal/modules/cjs/loader:1354:12)
    at wrapModuleLoad (node:internal/modules/cjs/loader:255:19)
2026-05-06 22:48:21 [ERROR]: uncaughtException: listen EADDRINUSE: address already in use :::5001
Error: listen EADDRINUSE: address already in use :::5001
    at Server.setupListenHandle [as _listen2] (node:net:2008:16)
    at listenInCluster (node:net:2065:12)
    at Server.listen (node:net:2170:7)
    at app.listen (/Users/vedansh/cyberbank/server/node_modules/express/lib/application.js:635:24)
    at Object.<anonymous> (/Users/vedansh/cyberbank/server/server.js:89:20)
    at Module._compile (node:internal/modules/cjs/loader:1829:14)
    at Module._extensions..js (node:internal/modules/cjs/loader:1969:10)
    at Module.load (node:internal/modules/cjs/loader:1552:32)
    at Module._load (node:internal/modules/cjs/loader:1354:12)
    at wrapModuleLoad (node:internal/modules/cjs/loader:255:19) | {"error":{"code":"EADDRINUSE","errno":-48,"syscall":"listen","address":"::","port":5001},"exception":true,"date":"Wed May 06 2026 22:48:21 GMT+0530 (India Standard Time)","process":{"pid":10176,"uid":501,"gid":20,"cwd":"/Users/vedansh/cyberbank/server","execPath":"/opt/homebrew/Cellar/node/25.9.0_3/bin/node","version":"v25.9.0","argv":["/opt/homebrew/Cellar/node/25.9.0_3/bin/node","/Users/vedansh/cyberbank/server/server.js"],"memoryUsage":{"rss":97058816,"heapTotal":40566784,"heapUsed":27792480,"external":20865448,"arrayBuffers":18268969}},"os":{"loadavg":[1.6806640625,1.86669921875,2.11767578125],"uptime":101320},"trace":[{"column":16,"file":"node:net","function":"Server.setupListenHandle [as _listen2]","line":2008,"method":"setupListenHandle [as _listen2]","native":false},{"column":12,"file":"node:net","function":"listenInCluster","line":2065,"method":null,"native":false},{"column":7,"file":"node:net","function":"Server.listen","line":2170,"method":"listen","native":false},{"column":24,"file":"/Users/vedansh/cyberbank/server/node_modules/express/lib/application.js","function":"app.listen","line":635,"method":"listen","native":false},{"column":20,"file":"/Users/vedansh/cyberbank/server/server.js","function":null,"line":89,"method":null,"native":false},{"column":14,"file":"node:internal/modules/cjs/loader","function":"Module._compile","line":1829,"method":"_compile","native":false},{"column":10,"file":"node:internal/modules/cjs/loader","function":"Module._extensions..js","line":1969,"method":".js","native":false},{"column":32,"file":"node:internal/modules/cjs/loader","function":"Module.load","line":1552,"method":"load","native":false},{"column":12,"file":"node:internal/modules/cjs/loader","function":"Module._load","line":1354,"method":"_load","native":false},{"column":19,"file":"node:internal/modules/cjs/loader","function":"wrapModuleLoad","line":255,"method":null,"native":false}]}
Error: listen EADDRINUSE: address already in use :::5001
    at Server.setupListenHandle [as _listen2] (node:net:2008:16)
    at listenInCluster (node:net:2065:12)
    at Server.listen (node:net:2170:7)
    at app.listen (/Users/vedansh/cyberbank/server/node_modules/express/lib/application.js:635:24)
    at Object.<anonymous> (/Users/vedansh/cyberbank/server/server.js:89:20)
    at Module._compile (node:internal/modules/cjs/loader:1829:14)
    at Module._extensions..js (node:internal/modules/cjs/loader:1969:10)
    at Module.load (node:internal/modules/cjs/loader:1552:32)
    at Module._load (node:internal/modules/cjs/loader:1354:12)
    at wrapModuleLoad (node:internal/modules/cjs/loader:255:19)
2026-05-06 23:30:41 [ERROR]: uncaughtException: listen EADDRINUSE: address already in use :::5001
Error: listen EADDRINUSE: address already in use :::5001
    at Server.setupListenHandle [as _listen2] (node:net:2008:16)
    at listenInCluster (node:net:2065:12)
    at Server.listen (node:net:2170:7)
    at app.listen (/Users/vedansh/cyberbank/server/node_modules/express/lib/application.js:635:24)
    at Object.<anonymous> (/Users/vedansh/cyberbank/server/server.js:89:20)
    at Module._compile (node:internal/modules/cjs/loader:1829:14)
    at Module._extensions..js (node:internal/modules/cjs/loader:1969:10)
    at Module.load (node:internal/modules/cjs/loader:1552:32)
    at Module._load (node:internal/modules/cjs/loader:1354:12)
    at wrapModuleLoad (node:internal/modules/cjs/loader:255:19) | {"error":{"code":"EADDRINUSE","errno":-48,"syscall":"listen","address":"::","port":5001},"exception":true,"date":"Wed May 06 2026 23:30:41 GMT+0530 (India Standard Time)","process":{"pid":10290,"uid":501,"gid":20,"cwd":"/Users/vedansh/cyberbank/server","execPath":"/opt/homebrew/Cellar/node/25.9.0_3/bin/node","version":"v25.9.0","argv":["/opt/homebrew/Cellar/node/25.9.0_3/bin/node","/Users/vedansh/cyberbank/server/server.js"],"memoryUsage":{"rss":97091584,"heapTotal":40566784,"heapUsed":30905832,"external":20908025,"arrayBuffers":18285539}},"os":{"loadavg":[1.28271484375,1.74072265625,1.74365234375],"uptime":103860},"trace":[{"column":16,"file":"node:net","function":"Server.setupListenHandle [as _listen2]","line":2008,"method":"setupListenHandle [as _listen2]","native":false},{"column":12,"file":"node:net","function":"listenInCluster","line":2065,"method":null,"native":false},{"column":7,"file":"node:net","function":"Server.listen","line":2170,"method":"listen","native":false},{"column":24,"file":"/Users/vedansh/cyberbank/server/node_modules/express/lib/application.js","function":"app.listen","line":635,"method":"listen","native":false},{"column":20,"file":"/Users/vedansh/cyberbank/server/server.js","function":null,"line":89,"method":null,"native":false},{"column":14,"file":"node:internal/modules/cjs/loader","function":"Module._compile","line":1829,"method":"_compile","native":false},{"column":10,"file":"node:internal/modules/cjs/loader","function":"Module._extensions..js","line":1969,"method":".js","native":false},{"column":32,"file":"node:internal/modules/cjs/loader","function":"Module.load","line":1552,"method":"load","native":false},{"column":12,"file":"node:internal/modules/cjs/loader","function":"Module._load","line":1354,"method":"_load","native":false},{"column":19,"file":"node:internal/modules/cjs/loader","function":"wrapModuleLoad","line":255,"method":null,"native":false}]}
Error: listen EADDRINUSE: address already in use :::5001
    at Server.setupListenHandle [as _listen2] (node:net:2008:16)
    at listenInCluster (node:net:2065:12)
    at Server.listen (node:net:2170:7)
    at app.listen (/Users/vedansh/cyberbank/server/node_modules/express/lib/application.js:635:24)
    at Object.<anonymous> (/Users/vedansh/cyberbank/server/server.js:89:20)
    at Module._compile (node:internal/modules/cjs/loader:1829:14)
    at Module._extensions..js (node:internal/modules/cjs/loader:1969:10)
    at Module.load (node:internal/modules/cjs/loader:1552:32)
    at Module._load (node:internal/modules/cjs/loader:1354:12)
    at wrapModuleLoad (node:internal/modules/cjs/loader:255:19)
2026-05-06 23:32:46 [ERROR]: uncaughtException: listen EADDRINUSE: address already in use :::5001
Error: listen EADDRINUSE: address already in use :::5001
    at Server.setupListenHandle [as _listen2] (node:net:2008:16)
    at listenInCluster (node:net:2065:12)
    at Server.listen (node:net:2170:7)
    at app.listen (/Users/vedansh/cyberbank/server/node_modules/express/lib/application.js:635:24)
    at Object.<anonymous> (/Users/vedansh/cyberbank/server/server.js:89:20)
    at Module._compile (node:internal/modules/cjs/loader:1829:14)
    at Module._extensions..js (node:internal/modules/cjs/loader:1969:10)
    at Module.load (node:internal/modules/cjs/loader:1552:32)
    at Module._load (node:internal/modules/cjs/loader:1354:12)
    at wrapModuleLoad (node:internal/modules/cjs/loader:255:19) | {"error":{"code":"EADDRINUSE","errno":-48,"syscall":"listen","address":"::","port":5001},"exception":true,"date":"Wed May 06 2026 23:32:46 GMT+0530 (India Standard Time)","process":{"pid":10712,"uid":501,"gid":20,"cwd":"/Users/vedansh/cyberbank/server","execPath":"/opt/homebrew/Cellar/node/25.9.0_3/bin/node","version":"v25.9.0","argv":["/opt/homebrew/Cellar/node/25.9.0_3/bin/node","/Users/vedansh/cyberbank/server/server.js"],"memoryUsage":{"rss":97484800,"heapTotal":41107456,"heapUsed":31353520,"external":20908025,"arrayBuffers":18285539}},"os":{"loadavg":[2.171875,1.9208984375,1.8115234375],"uptime":103985},"trace":[{"column":16,"file":"node:net","function":"Server.setupListenHandle [as _listen2]","line":2008,"method":"setupListenHandle [as _listen2]","native":false},{"column":12,"file":"node:net","function":"listenInCluster","line":2065,"method":null,"native":false},{"column":7,"file":"node:net","function":"Server.listen","line":2170,"method":"listen","native":false},{"column":24,"file":"/Users/vedansh/cyberbank/server/node_modules/express/lib/application.js","function":"app.listen","line":635,"method":"listen","native":false},{"column":20,"file":"/Users/vedansh/cyberbank/server/server.js","function":null,"line":89,"method":null,"native":false},{"column":14,"file":"node:internal/modules/cjs/loader","function":"Module._compile","line":1829,"method":"_compile","native":false},{"column":10,"file":"node:internal/modules/cjs/loader","function":"Module._extensions..js","line":1969,"method":".js","native":false},{"column":32,"file":"node:internal/modules/cjs/loader","function":"Module.load","line":1552,"method":"load","native":false},{"column":12,"file":"node:internal/modules/cjs/loader","function":"Module._load","line":1354,"method":"_load","native":false},{"column":19,"file":"node:internal/modules/cjs/loader","function":"wrapModuleLoad","line":255,"method":null,"native":false}]}
Error: listen EADDRINUSE: address already in use :::5001
    at Server.setupListenHandle [as _listen2] (node:net:2008:16)
    at listenInCluster (node:net:2065:12)
    at Server.listen (node:net:2170:7)
    at app.listen (/Users/vedansh/cyberbank/server/node_modules/express/lib/application.js:635:24)
    at Object.<anonymous> (/Users/vedansh/cyberbank/server/server.js:89:20)
    at Module._compile (node:internal/modules/cjs/loader:1829:14)
    at Module._extensions..js (node:internal/modules/cjs/loader:1969:10)
    at Module.load (node:internal/modules/cjs/loader:1552:32)
    at Module._load (node:internal/modules/cjs/loader:1354:12)
    at wrapModuleLoad (node:internal/modules/cjs/loader:255:19)
2026-05-07 10:34:14 [ERROR]: uncaughtException: write EIO
Error: write EIO
    at afterWriteDispatched (node:internal/stream_base_commons:159:15)
    at writeGeneric (node:internal/stream_base_commons:150:3)
    at Socket._writeGeneric (node:net:1025:11)
    at Socket._write (node:net:1037:8)
    at writeOrBuffer (node:internal/streams/writable:570:12)
    at _write (node:internal/streams/writable:499:10)
    at Writable.write (node:internal/streams/writable:508:10)
    at Console.log (/Users/vedansh/cyberbank/server/node_modules/winston/lib/winston/transports/console.js:87:23)
    at Console._write (/Users/vedansh/cyberbank/server/node_modules/winston-transport/modern.js:103:17)
    at doWrite (/Users/vedansh/cyberbank/server/node_modules/readable-stream/lib/_stream_writable.js:390:139) | {"error":{"errno":-5,"code":"EIO","syscall":"write"},"exception":true,"date":"Thu May 07 2026 10:34:14 GMT+0530 (India Standard Time)","process":{"pid":10320,"uid":501,"gid":20,"cwd":"/Users/vedansh/cyberbank/server","execPath":"/opt/homebrew/Cellar/node/25.9.0_3/bin/node","version":"v25.9.0","argv":["/opt/homebrew/Cellar/node/25.9.0_3/bin/node","/Users/vedansh/cyberbank/server/server.js"],"memoryUsage":{"rss":83460096,"heapTotal":37617664,"heapUsed":34898648,"external":21418469,"arrayBuffers":18795983}},"os":{"loadavg":[1.97314453125,2.5146484375,2.3798828125],"uptime":143675},"trace":[{"column":15,"file":"node:internal/stream_base_commons","function":"afterWriteDispatched","line":159,"method":null,"native":false},{"column":3,"file":"node:internal/stream_base_commons","function":"writeGeneric","line":150,"method":null,"native":false},{"column":11,"file":"node:net","function":"Socket._writeGeneric","line":1025,"method":"_writeGeneric","native":false},{"column":8,"file":"node:net","function":"Socket._write","line":1037,"method":"_write","native":false},{"column":12,"file":"node:internal/streams/writable","function":"writeOrBuffer","line":570,"method":null,"native":false},{"column":10,"file":"node:internal/streams/writable","function":"_write","line":499,"method":null,"native":false},{"column":10,"file":"node:internal/streams/writable","function":"Writable.write","line":508,"method":"write","native":false},{"column":23,"file":"/Users/vedansh/cyberbank/server/node_modules/winston/lib/winston/transports/console.js","function":"Console.log","line":87,"method":"log","native":false},{"column":17,"file":"/Users/vedansh/cyberbank/server/node_modules/winston-transport/modern.js","function":"Console._write","line":103,"method":"_write","native":false},{"column":139,"file":"/Users/vedansh/cyberbank/server/node_modules/readable-stream/lib/_stream_writable.js","function":"doWrite","line":390,"method":null,"native":false}]}
Error: write EIO
    at afterWriteDispatched (node:internal/stream_base_commons:159:15)
    at writeGeneric (node:internal/stream_base_commons:150:3)
    at Socket._writeGeneric (node:net:1025:11)
    at Socket._write (node:net:1037:8)
    at writeOrBuffer (node:internal/streams/writable:570:12)
    at _write (node:internal/streams/writable:499:10)
    at Writable.write (node:internal/streams/writable:508:10)
    at Console.log (/Users/vedansh/cyberbank/server/node_modules/winston/lib/winston/transports/console.js:87:23)
    at Console._write (/Users/vedansh/cyberbank/server/node_modules/winston-transport/modern.js:103:17)
    at doWrite (/Users/vedansh/cyberbank/server/node_modules/readable-stream/lib/_stream_writable.js:390:139)
