2026-05-01 23:04:21 [ERROR]: MongoDB connection failed: connect ECONNREFUSED 127.0.0.1:27017
2026-05-05 22:57:35 [ERROR]: MongoDB connection failed: connect ECONNREFUSED 127.0.0.1:27017
2026-05-06 22:40:08 [ERROR]: 404 - Route not found: GET / | {"method":"GET","path":"/","ip":"::1"}
Error: Route not found: GET /
    at notFound (/Users/vedansh/cyberbank/server/middleware/errorHandler.js:63:17)
    at Layer.handle [as handle_request] (/Users/vedansh/cyberbank/server/node_modules/express/lib/router/layer.js:95:5)
    at trim_prefix (/Users/vedansh/cyberbank/server/node_modules/express/lib/router/index.js:328:13)
    at /Users/vedansh/cyberbank/server/node_modules/express/lib/router/index.js:286:9
    at router.process_params (/Users/vedansh/cyberbank/server/node_modules/express/lib/router/index.js:346:12)
    at next (/Users/vedansh/cyberbank/server/node_modules/express/lib/router/index.js:280:10)
    at logger (/Users/vedansh/cyberbank/server/node_modules/morgan/index.js:144:5)
    at Layer.handle [as handle_request] (/Users/vedansh/cyberbank/server/node_modules/express/lib/router/layer.js:95:5)
    at trim_prefix (/Users/vedansh/cyberbank/server/node_modules/express/lib/router/index.js:328:13)
    at /Users/vedansh/cyberbank/server/node_modules/express/lib/router/index.js:286:9
2026-05-06 22:43:01 [WARN]: MongoDB disconnected. Attempting to reconnect...
2026-05-06 23:32:29 [WARN]: MongoDB disconnected. Attempting to reconnect...
2026-05-06 23:45:27 [WARN]: [SECURITY] Invalid JWT token attempt | {"ip":"::1","error":"jwt expired"}
2026-05-06 23:45:27 [WARN]: [SECURITY] UNAUTHORIZED_ACCESS | IP: ::1 | User: anonymous | {"error":"Invalid token","path":"/logout"}
2026-05-06 23:50:54 [WARN]: MongoDB disconnected. Attempting to reconnect...
2026-05-07 00:19:29 [WARN]: MongoDB disconnected. Attempting to reconnect...
2026-05-07 00:34:57 [WARN]: MongoDB disconnected. Attempting to reconnect...
2026-05-07 01:25:08 [WARN]: MongoDB disconnected. Attempting to reconnect...
2026-05-07 02:08:59 [WARN]: MongoDB disconnected. Attempting to reconnect...
2026-05-07 02:25:17 [WARN]: MongoDB disconnected. Attempting to reconnect...
2026-05-07 03:09:59 [WARN]: MongoDB disconnected. Attempting to reconnect...
2026-05-07 03:32:01 [WARN]: MongoDB disconnected. Attempting to reconnect...
2026-05-07 04:07:13 [WARN]: MongoDB disconnected. Attempting to reconnect...
2026-05-07 04:28:38 [WARN]: MongoDB disconnected. Attempting to reconnect...
2026-05-07 05:11:59 [WARN]: MongoDB disconnected. Attempting to reconnect...
2026-05-07 05:27:36 [WARN]: MongoDB disconnected. Attempting to reconnect...
2026-05-07 06:12:59 [WARN]: MongoDB disconnected. Attempting to reconnect...
2026-05-07 06:28:50 [WARN]: MongoDB disconnected. Attempting to reconnect...
2026-05-07 07:13:59 [WARN]: MongoDB disconnected. Attempting to reconnect...
2026-05-07 07:30:37 [WARN]: MongoDB disconnected. Attempting to reconnect...
2026-05-07 08:14:59 [WARN]: MongoDB disconnected. Attempting to reconnect...
2026-05-07 08:32:12 [WARN]: MongoDB disconnected. Attempting to reconnect...
2026-05-07 09:15:59 [WARN]: MongoDB disconnected. Attempting to reconnect...
2026-05-07 09:32:48 [WARN]: MongoDB disconnected. Attempting to reconnect...
2026-05-07 10:16:59 [WARN]: MongoDB disconnected. Attempting to reconnect...
2026-05-07 10:34:14 [WARN]: MongoDB disconnected. Attempting to reconnect...
2026-05-08 22:21:38 [WARN]: [SECURITY] Invalid JWT token attempt | {"ip":"::1","error":"jwt expired"}
2026-05-08 22:21:38 [WARN]: [SECURITY] UNAUTHORIZED_ACCESS | IP: ::1 | User: anonymous | {"error":"Invalid token","path":"/stats"}
